cycle 0
$00: 0x00000000
$01: 0x00000000
$02: 0x00000000
$03: 0x00000000
$04: 0x00000000
$05: 0x00000000
$06: 0x00000000
$07: 0x00000000
$08: 0x00000000
$09: 0x00000000
$10: 0x00000000
$11: 0x00000000
$12: 0x00000000
$13: 0x00000000
$14: 0x00000000
$15: 0x00000000
$16: 0x00000000
$17: 0x00000000
$18: 0x00000000
$19: 0x00000000
$20: 0x00000000
$21: 0x00000000
$22: 0x00000000
$23: 0x00000000
$24: 0x00000000
$25: 0x00000000
$26: 0x00000000
$27: 0x00000000
$28: 0x00000000
$29: 0x00000400
$30: 0x00000000
$31: 0x00000000
$HI: 0x00000000
$LO: 0x00000000
PC: 0x00000120


cycle 1
$29: 0x000003FC
PC: 0x00000124


cycle 2
PC: 0x00000128


cycle 3
$04: 0xFFFFFFFF
PC: 0x0000012C


cycle 4
$05: 0x00001235
PC: 0x00000130


cycle 5
$31: 0x00000134
PC: 0x00000158


cycle 6
$02: 0x00001234
PC: 0x0000015C


cycle 7
PC: 0x000004D0


cycle 8
PC: 0x000004D4


cycle 9
PC: 0x000004D8


cycle 10
PC: 0x000004DC


cycle 11
PC: 0x000004E0


cycle 12
PC: 0x000004E4


cycle 13
PC: 0x000004E8


cycle 14
PC: 0x000004EC


cycle 15
PC: 0x000004F0


cycle 16
PC: 0x000004F4


cycle 17
PC: 0x000004F8


cycle 18
PC: 0x000004FC


cycle 19
PC: 0x00000500


cycle 20
PC: 0x00000504


cycle 21
PC: 0x00000508


cycle 22
PC: 0x0000050C


cycle 23
PC: 0x00000510


cycle 24
PC: 0x00000514


cycle 25
PC: 0x00000518


cycle 26
PC: 0x0000051C


cycle 27
PC: 0x00000520


cycle 28
PC: 0x00000524


cycle 29
PC: 0x00000528


cycle 30
PC: 0x0000052C


cycle 31
PC: 0x00000530


cycle 32
PC: 0x00000534


cycle 33
PC: 0x00000538


cycle 34
PC: 0x0000053C


cycle 35
PC: 0x00000540


cycle 36
PC: 0x00000544


cycle 37
PC: 0x00000548


cycle 38
PC: 0x0000054C


cycle 39
PC: 0x00000550


cycle 40
PC: 0x00000554


cycle 41
PC: 0x00000558


cycle 42
PC: 0x0000055C


cycle 43
PC: 0x00000560


cycle 44
PC: 0x00000564


cycle 45
PC: 0x00000568


cycle 46
PC: 0x0000056C


cycle 47
PC: 0x00000570


cycle 48
PC: 0x00000574


cycle 49
PC: 0x00000578


cycle 50
PC: 0x0000057C


cycle 51
PC: 0x00000580


cycle 52
PC: 0x00000584


cycle 53
PC: 0x00000588


cycle 54
PC: 0x0000058C


cycle 55
PC: 0x00000590


cycle 56
PC: 0x00000594


cycle 57
PC: 0x00000598


cycle 58
PC: 0x0000059C


cycle 59
PC: 0x000005A0


cycle 60
PC: 0x000005A4


cycle 61
PC: 0x000005A8


cycle 62
PC: 0x000005AC


cycle 63
PC: 0x000005B0


cycle 64
PC: 0x000005B4


cycle 65
PC: 0x000005B8


cycle 66
PC: 0x000005BC


cycle 67
PC: 0x000005C0


cycle 68
PC: 0x000005C4


cycle 69
PC: 0x000005C8


cycle 70
PC: 0x000005CC


cycle 71
PC: 0x000005D0


cycle 72
PC: 0x000005D4


cycle 73
PC: 0x000005D8


cycle 74
PC: 0x000005DC


cycle 75
PC: 0x000005E0


cycle 76
PC: 0x000005E4


cycle 77
PC: 0x000005E8


cycle 78
PC: 0x000005EC


cycle 79
PC: 0x000005F0


cycle 80
PC: 0x000005F4


cycle 81
PC: 0x000005F8


cycle 82
PC: 0x000005FC


cycle 83
PC: 0x00000600


cycle 84
PC: 0x000048D0


cycle 85
PC: 0x000048D4


cycle 86
PC: 0x000048D8


cycle 87
PC: 0x000048DC


cycle 88
PC: 0x000048E0


cycle 89
PC: 0x000048E4


cycle 90
PC: 0x000048E8


cycle 91
PC: 0x000048EC


cycle 92
PC: 0x000048F0


cycle 93
PC: 0x000048F4


cycle 94
PC: 0x000048F8


cycle 95
PC: 0x000048FC


cycle 96
PC: 0x00004900


cycle 97
PC: 0x00004904


cycle 98
PC: 0x00004908


cycle 99
PC: 0x0000490C


cycle 100
PC: 0x00004910


cycle 101
PC: 0x00004914


cycle 102
PC: 0x00004918


cycle 103
PC: 0x0000491C


cycle 104
PC: 0x00004920


cycle 105
PC: 0x00004924


cycle 106
PC: 0x00004928


cycle 107
PC: 0x0000492C


cycle 108
PC: 0x00004930


cycle 109
PC: 0x00004934


cycle 110
PC: 0x00004938


cycle 111
PC: 0x0000493C


cycle 112
PC: 0x00004940


cycle 113
PC: 0x00004944


cycle 114
PC: 0x00004948


cycle 115
PC: 0x0000494C


cycle 116
PC: 0x00004950


cycle 117
PC: 0x00004954


cycle 118
PC: 0x00004958


cycle 119
PC: 0x0000495C


cycle 120
PC: 0x00004960


cycle 121
PC: 0x00004964


cycle 122
PC: 0x00004968


cycle 123
PC: 0x0000496C


cycle 124
PC: 0x00004970


cycle 125
PC: 0x00004974


cycle 126
PC: 0x00004978


cycle 127
PC: 0x0000497C


cycle 128
PC: 0x00004980


cycle 129
PC: 0x00004984


cycle 130
PC: 0x00004988


cycle 131
PC: 0x0000498C


cycle 132
PC: 0x00004990


cycle 133
PC: 0x00004994


cycle 134
PC: 0x00004998


cycle 135
PC: 0x0000499C


cycle 136
PC: 0x000049A0


cycle 137
PC: 0x000049A4


cycle 138
PC: 0x000049A8


cycle 139
PC: 0x000049AC


cycle 140
PC: 0x000049B0


cycle 141
PC: 0x000049B4


cycle 142
PC: 0x000049B8


cycle 143
PC: 0x000049BC


cycle 144
PC: 0x000049C0


cycle 145
PC: 0x000049C4


cycle 146
PC: 0x000049C8


cycle 147
PC: 0x000049CC


cycle 148
PC: 0x000049D0


cycle 149
PC: 0x000049D4


cycle 150
PC: 0x000049D8


cycle 151
PC: 0x000049DC


cycle 152
PC: 0x000049E0


cycle 153
PC: 0x000049E4


cycle 154
PC: 0x000049E8


cycle 155
PC: 0x000049EC


cycle 156
PC: 0x000049F0


cycle 157
PC: 0x000049F4


cycle 158
PC: 0x000049F8


cycle 159
PC: 0x000049FC


cycle 160
PC: 0x00004A00


cycle 161
PC: 0x00004A04


cycle 162
PC: 0x00004A08


cycle 163
PC: 0x00004A0C


cycle 164
PC: 0x00004A10


cycle 165
PC: 0x00004A14


cycle 166
PC: 0x00004A18


cycle 167
PC: 0x00004A1C


cycle 168
PC: 0x00004A20


cycle 169
PC: 0x00004A24


cycle 170
PC: 0x00004A28


cycle 171
PC: 0x00004A2C


cycle 172
PC: 0x00004A30


cycle 173
PC: 0x00004A34


cycle 174
PC: 0x00004A38


cycle 175
PC: 0x00004A3C


cycle 176
PC: 0x00004A40


cycle 177
PC: 0x00004A44


cycle 178
PC: 0x00004A48


cycle 179
PC: 0x00004A4C


cycle 180
PC: 0x00004A50


cycle 181
PC: 0x00004A54


cycle 182
PC: 0x00004A58


cycle 183
PC: 0x00004A5C


cycle 184
PC: 0x00004A60


cycle 185
PC: 0x00004A64


cycle 186
PC: 0x00004A68


cycle 187
PC: 0x00004A6C


cycle 188
PC: 0x00004A70


cycle 189
PC: 0x00004A74


cycle 190
PC: 0x00004A78


cycle 191
PC: 0x00004A7C


cycle 192
PC: 0x00004A80


cycle 193
PC: 0x00004A84


cycle 194
PC: 0x00004A88


cycle 195
PC: 0x00004A8C


cycle 196
PC: 0x00004A90


cycle 197
PC: 0x00004A94


cycle 198
PC: 0x00004A98


cycle 199
PC: 0x00004A9C


cycle 200
PC: 0x00004AA0


cycle 201
PC: 0x00004AA4


cycle 202
PC: 0x00004AA8


cycle 203
PC: 0x00004AAC


cycle 204
PC: 0x00004AB0


cycle 205
PC: 0x00004AB4


cycle 206
PC: 0x00004AB8


cycle 207
PC: 0x00004ABC


cycle 208
PC: 0x00004AC0


cycle 209
PC: 0x00004AC4


cycle 210
PC: 0x00004AC8


cycle 211
PC: 0x00004ACC


cycle 212
PC: 0x00004AD0


cycle 213
PC: 0x00004AD4


cycle 214
PC: 0x00004AD8


cycle 215
PC: 0x00004ADC


cycle 216
PC: 0x00004AE0


cycle 217
PC: 0x00004AE4


cycle 218
PC: 0x00004AE8


cycle 219
PC: 0x00004AEC


cycle 220
PC: 0x00004AF0


cycle 221
PC: 0x00004AF4


cycle 222
PC: 0x00004AF8


cycle 223
PC: 0x00004AFC


cycle 224
PC: 0x00004B00


cycle 225
PC: 0x00004B04


cycle 226
PC: 0x00004B08


cycle 227
PC: 0x00004B0C


cycle 228
PC: 0x00004B10


cycle 229
PC: 0x00004B14


cycle 230
PC: 0x00004B18


cycle 231
PC: 0x00004B1C


cycle 232
PC: 0x00004B20


cycle 233
PC: 0x00004B24


cycle 234
PC: 0x00004B28


cycle 235
PC: 0x00004B2C


cycle 236
PC: 0x00004B30


cycle 237
PC: 0x00004B34


cycle 238
PC: 0x00004B38


cycle 239
PC: 0x00004B3C


cycle 240
PC: 0x00004B40


cycle 241
PC: 0x00004B44


cycle 242
PC: 0x00004B48


cycle 243
PC: 0x00004B4C


cycle 244
PC: 0x00004B50


cycle 245
PC: 0x00004B54


cycle 246
PC: 0x00004B58


cycle 247
PC: 0x00004B5C


cycle 248
PC: 0x00004B60


cycle 249
PC: 0x00004B64


cycle 250
PC: 0x00004B68


cycle 251
PC: 0x00004B6C


cycle 252
PC: 0x00004B70


cycle 253
PC: 0x00004B74


cycle 254
PC: 0x00004B78


cycle 255
PC: 0x00004B7C


cycle 256
PC: 0x00004B80


cycle 257
PC: 0x00004B84


cycle 258
PC: 0x00004B88


cycle 259
PC: 0x00004B8C


cycle 260
PC: 0x00004B90


cycle 261
PC: 0x00004B94


cycle 262
PC: 0x00004B98


cycle 263
PC: 0x00004B9C


cycle 264
PC: 0x00004BA0


cycle 265
PC: 0x00004BA4


cycle 266
PC: 0x00004BA8


cycle 267
PC: 0x00004BAC


cycle 268
PC: 0x00004BB0


cycle 269
PC: 0x00004BB4


cycle 270
PC: 0x00004BB8


cycle 271
PC: 0x00004BBC


cycle 272
PC: 0x00004BC0


cycle 273
PC: 0x00004BC4


cycle 274
PC: 0x00004BC8


cycle 275
PC: 0x00004BCC


cycle 276
PC: 0x00004BD0


cycle 277
PC: 0x00004BD4


cycle 278
PC: 0x00004BD8


cycle 279
PC: 0x00004BDC


cycle 280
PC: 0x00004BE0


cycle 281
PC: 0x00004BE4


cycle 282
PC: 0x00004BE8


cycle 283
PC: 0x00004BEC


cycle 284
PC: 0x00004BF0


cycle 285
PC: 0x00004BF4


cycle 286
PC: 0x00004BF8


cycle 287
PC: 0x00004BFC


cycle 288
PC: 0x00004C00


cycle 289
PC: 0x00004C04


cycle 290
PC: 0x00004C08


cycle 291
PC: 0x00004C0C


cycle 292
PC: 0x00004C10


cycle 293
PC: 0x00004C14


cycle 294
PC: 0x00004C18


cycle 295
PC: 0x00004C1C


cycle 296
PC: 0x00004C20


cycle 297
PC: 0x00004C24


cycle 298
PC: 0x00004C28


cycle 299
PC: 0x00004C2C


cycle 300
PC: 0x00004C30


cycle 301
PC: 0x00004C34


cycle 302
PC: 0x00004C38


cycle 303
PC: 0x00004C3C


cycle 304
PC: 0x00004C40


cycle 305
PC: 0x00004C44


cycle 306
PC: 0x00004C48


cycle 307
PC: 0x00004C4C


cycle 308
PC: 0x00004C50


cycle 309
PC: 0x00004C54


cycle 310
PC: 0x00004C58


cycle 311
PC: 0x00004C5C


cycle 312
PC: 0x00004C60


cycle 313
PC: 0x00004C64


cycle 314
PC: 0x00004C68


cycle 315
PC: 0x00004C6C


cycle 316
PC: 0x00004C70


cycle 317
PC: 0x00004C74


cycle 318
PC: 0x00004C78


cycle 319
PC: 0x00004C7C


cycle 320
PC: 0x00004C80


cycle 321
PC: 0x00004C84


cycle 322
PC: 0x00004C88


cycle 323
PC: 0x00004C8C


cycle 324
PC: 0x00004C90


cycle 325
PC: 0x00004C94


cycle 326
PC: 0x00004C98


cycle 327
PC: 0x00004C9C


cycle 328
PC: 0x00004CA0


cycle 329
PC: 0x00004CA4


cycle 330
PC: 0x00004CA8


cycle 331
PC: 0x00004CAC


cycle 332
PC: 0x00004CB0


cycle 333
PC: 0x00004CB4


cycle 334
PC: 0x00004CB8


cycle 335
PC: 0x00004CBC


cycle 336
PC: 0x00004CC0


cycle 337
PC: 0x00004CC4


cycle 338
PC: 0x00004CC8


cycle 339
PC: 0x00004CCC


cycle 340
PC: 0x00004CD0


cycle 341
PC: 0x00004CD4


cycle 342
PC: 0x00004CD8


cycle 343
PC: 0x00004CDC


cycle 344
PC: 0x00004CE0


cycle 345
PC: 0x00004CE4


cycle 346
PC: 0x00004CE8


cycle 347
PC: 0x00004CEC


cycle 348
PC: 0x00004CF0


cycle 349
PC: 0x00004CF4


cycle 350
PC: 0x00004CF8


cycle 351
PC: 0x00004CFC


cycle 352
PC: 0x00004D00


cycle 353
PC: 0x00004D04


cycle 354
PC: 0x00004D08


cycle 355
PC: 0x00004D0C


cycle 356
PC: 0x00004D10


cycle 357
PC: 0x00004D14


cycle 358
PC: 0x00004D18


cycle 359
PC: 0x00004D1C


cycle 360
PC: 0x00004D20


cycle 361
PC: 0x00004D24


cycle 362
PC: 0x00004D28


cycle 363
PC: 0x00004D2C


cycle 364
PC: 0x00004D30


cycle 365
PC: 0x00004D34


cycle 366
PC: 0x00004D38


cycle 367
PC: 0x00004D3C


cycle 368
PC: 0x00004D40


cycle 369
PC: 0x00004D44


cycle 370
PC: 0x00004D48


cycle 371
PC: 0x00004D4C


cycle 372
PC: 0x00004D50


cycle 373
PC: 0x00004D54


cycle 374
PC: 0x00004D58


cycle 375
PC: 0x00004D5C


cycle 376
PC: 0x00004D60


cycle 377
PC: 0x00004D64


cycle 378
PC: 0x00004D68


cycle 379
PC: 0x00004D6C


cycle 380
PC: 0x00004D70


cycle 381
PC: 0x00004D74


cycle 382
PC: 0x00004D78


cycle 383
PC: 0x00004D7C


cycle 384
PC: 0x00004D80


cycle 385
PC: 0x00004D84


cycle 386
PC: 0x00004D88


cycle 387
PC: 0x00004D8C


cycle 388
PC: 0x00004D90


cycle 389
PC: 0x00004D94


cycle 390
PC: 0x00004D98


cycle 391
PC: 0x00004D9C


cycle 392
PC: 0x00004DA0


cycle 393
PC: 0x00004DA4


cycle 394
PC: 0x00004DA8


cycle 395
PC: 0x00004DAC


cycle 396
PC: 0x00004DB0


cycle 397
PC: 0x00004DB4


cycle 398
PC: 0x00004DB8


cycle 399
PC: 0x00004DBC


cycle 400
PC: 0x00004DC0


cycle 401
PC: 0x00004DC4


cycle 402
PC: 0x00004DC8


cycle 403
PC: 0x00004DCC


cycle 404
PC: 0x00004DD0


cycle 405
PC: 0x00004DD4


cycle 406
PC: 0x00004DD8


cycle 407
PC: 0x00004DDC


cycle 408
PC: 0x00004DE0


cycle 409
PC: 0x00004DE4


cycle 410
PC: 0x00004DE8


cycle 411
PC: 0x00004DEC


cycle 412
PC: 0x00004DF0


cycle 413
PC: 0x00004DF4


cycle 414
PC: 0x00004DF8


cycle 415
PC: 0x00004DFC


cycle 416
PC: 0x00004E00


cycle 417
PC: 0x00004E04


cycle 418
PC: 0x00004E08


cycle 419
PC: 0x00004E0C


cycle 420
PC: 0x00004E10


cycle 421
PC: 0x00004E14


cycle 422
PC: 0x00004E18


cycle 423
PC: 0x00004E1C


cycle 424
PC: 0x00004E20


cycle 425
PC: 0x00004E24


cycle 426
PC: 0x00004E28


cycle 427
PC: 0x00004E2C


cycle 428
PC: 0x00004E30


cycle 429
PC: 0x00004E34


cycle 430
PC: 0x00004E38


cycle 431
PC: 0x00004E3C


cycle 432
PC: 0x00004E40


cycle 433
PC: 0x00004E44


cycle 434
PC: 0x00004E48


cycle 435
PC: 0x00004E4C


cycle 436
PC: 0x00004E50


cycle 437
PC: 0x00004E54


cycle 438
PC: 0x00004E58


cycle 439
PC: 0x00004E5C


cycle 440
PC: 0x00004E60


cycle 441
PC: 0x00004E64


cycle 442
PC: 0x00004E68


cycle 443
PC: 0x00004E6C


cycle 444
PC: 0x00004E70


cycle 445
PC: 0x00004E74


cycle 446
PC: 0x00004E78


cycle 447
PC: 0x00004E7C


cycle 448
PC: 0x00004E80


cycle 449
PC: 0x00004E84


cycle 450
PC: 0x00004E88


cycle 451
PC: 0x00004E8C


cycle 452
PC: 0x00004E90


cycle 453
PC: 0x00004E94


cycle 454
PC: 0x00004E98


cycle 455
PC: 0x00004E9C


cycle 456
PC: 0x00004EA0


cycle 457
PC: 0x00004EA4


cycle 458
PC: 0x00004EA8


cycle 459
PC: 0x00004EAC


cycle 460
PC: 0x00004EB0


cycle 461
PC: 0x00004EB4


cycle 462
PC: 0x00004EB8


cycle 463
PC: 0x00004EBC


cycle 464
PC: 0x00004EC0


cycle 465
PC: 0x00004EC4


cycle 466
PC: 0x00004EC8


cycle 467
PC: 0x00004ECC


cycle 468
PC: 0x00004ED0


cycle 469
PC: 0x00004ED4


cycle 470
PC: 0x00004ED8


cycle 471
PC: 0x00004EDC


cycle 472
PC: 0x00004EE0


cycle 473
PC: 0x00004EE4


cycle 474
PC: 0x00004EE8


cycle 475
PC: 0x00004EEC


cycle 476
PC: 0x00004EF0


cycle 477
PC: 0x00004EF4


cycle 478
PC: 0x00004EF8


cycle 479
PC: 0x00004EFC


cycle 480
PC: 0x00004F00


cycle 481
PC: 0x00004F04


cycle 482
PC: 0x00004F08


cycle 483
PC: 0x00004F0C


cycle 484
PC: 0x00004F10


cycle 485
PC: 0x00004F14


cycle 486
PC: 0x00004F18


cycle 487
PC: 0x00004F1C


cycle 488
PC: 0x00004F20


cycle 489
PC: 0x00004F24


cycle 490
PC: 0x00004F28


cycle 491
PC: 0x00004F2C


cycle 492
PC: 0x00004F30


cycle 493
PC: 0x00004F34


cycle 494
PC: 0x00004F38


cycle 495
PC: 0x00004F3C


cycle 496
PC: 0x00004F40


cycle 497
PC: 0x00004F44


cycle 498
PC: 0x00004F48


cycle 499
PC: 0x00004F4C


cycle 500
PC: 0x00004F50


cycle 501
PC: 0x00004F54


cycle 502
PC: 0x00004F58


cycle 503
PC: 0x00004F5C


cycle 504
PC: 0x00004F60


cycle 505
PC: 0x00004F64


cycle 506
PC: 0x00004F68


cycle 507
PC: 0x00004F6C


cycle 508
PC: 0x00004F70


cycle 509
PC: 0x00004F74


cycle 510
PC: 0x00004F78


cycle 511
PC: 0x00004F7C


cycle 512
PC: 0x00004F80


cycle 513
PC: 0x00004F84


cycle 514
PC: 0x00004F88


cycle 515
PC: 0x00004F8C


cycle 516
PC: 0x00004F90


cycle 517
PC: 0x00004F94


cycle 518
PC: 0x00004F98


cycle 519
PC: 0x00004F9C


cycle 520
PC: 0x00004FA0


cycle 521
PC: 0x00004FA4


cycle 522
PC: 0x00004FA8


cycle 523
PC: 0x00004FAC


cycle 524
PC: 0x00004FB0


cycle 525
PC: 0x00004FB4


cycle 526
PC: 0x00004FB8


cycle 527
PC: 0x00004FBC


cycle 528
PC: 0x00004FC0


cycle 529
PC: 0x00004FC4


cycle 530
PC: 0x00004FC8


cycle 531
PC: 0x00004FCC


cycle 532
PC: 0x00004FD0


cycle 533
PC: 0x00004FD4


cycle 534
PC: 0x00004FD8


cycle 535
PC: 0x00004FDC


cycle 536
PC: 0x00004FE0


cycle 537
PC: 0x00004FE4


cycle 538
PC: 0x00004FE8


cycle 539
PC: 0x00004FEC


cycle 540
PC: 0x00004FF0


cycle 541
PC: 0x00004FF4


cycle 542
PC: 0x00004FF8


cycle 543
PC: 0x00004FFC


cycle 544
PC: 0x00005000


cycle 545
PC: 0x00005004


cycle 546
PC: 0x00005008


cycle 547
PC: 0x0000500C


cycle 548
PC: 0x00005010


cycle 549
PC: 0x00005014


cycle 550
PC: 0x00005018


cycle 551
PC: 0x0000501C


cycle 552
PC: 0x00005020


cycle 553
PC: 0x00005024


cycle 554
PC: 0x00005028


cycle 555
PC: 0x0000502C


cycle 556
PC: 0x00005030


cycle 557
PC: 0x00005034


cycle 558
PC: 0x00005038


cycle 559
PC: 0x0000503C


cycle 560
PC: 0x00005040


cycle 561
PC: 0x00005044


cycle 562
PC: 0x00005048


cycle 563
PC: 0x0000504C


cycle 564
PC: 0x00005050


cycle 565
PC: 0x00005054


cycle 566
PC: 0x00005058


cycle 567
PC: 0x0000505C


cycle 568
PC: 0x00005060


cycle 569
PC: 0x00005064


cycle 570
PC: 0x00005068


cycle 571
PC: 0x0000506C


cycle 572
PC: 0x00005070


cycle 573
PC: 0x00005074


cycle 574
PC: 0x00005078


cycle 575
PC: 0x0000507C


cycle 576
PC: 0x00005080


cycle 577
PC: 0x00005084


cycle 578
PC: 0x00005088


cycle 579
PC: 0x0000508C


cycle 580
PC: 0x00005090


cycle 581
PC: 0x00005094


cycle 582
PC: 0x00005098


cycle 583
PC: 0x0000509C


cycle 584
PC: 0x000050A0


cycle 585
PC: 0x000050A4


cycle 586
PC: 0x000050A8


cycle 587
PC: 0x000050AC


cycle 588
PC: 0x000050B0


cycle 589
PC: 0x000050B4


cycle 590
PC: 0x000050B8


cycle 591
PC: 0x000050BC


cycle 592
PC: 0x000050C0


cycle 593
PC: 0x000050C4


cycle 594
PC: 0x000050C8


cycle 595
PC: 0x000050CC


cycle 596
PC: 0x000050D0


cycle 597
PC: 0x000050D4


cycle 598
PC: 0x000050D8


cycle 599
PC: 0x000050DC


cycle 600
PC: 0x000050E0


cycle 601
PC: 0x000050E4


cycle 602
PC: 0x000050E8


cycle 603
PC: 0x000050EC


cycle 604
PC: 0x000050F0


cycle 605
PC: 0x000050F4


cycle 606
PC: 0x000050F8


cycle 607
PC: 0x000050FC


cycle 608
PC: 0x00005100


cycle 609
PC: 0x00005104


cycle 610
PC: 0x00005108


cycle 611
PC: 0x0000510C


cycle 612
PC: 0x00005110


cycle 613
PC: 0x00005114


cycle 614
PC: 0x00005118


cycle 615
PC: 0x0000511C


cycle 616
PC: 0x00005120


cycle 617
PC: 0x00005124


cycle 618
PC: 0x00005128


cycle 619
PC: 0x0000512C


cycle 620
PC: 0x00005130


cycle 621
PC: 0x00005134


cycle 622
PC: 0x00005138


cycle 623
PC: 0x0000513C


cycle 624
PC: 0x00005140


cycle 625
PC: 0x00005144


cycle 626
PC: 0x00005148


cycle 627
PC: 0x0000514C


cycle 628
PC: 0x00005150


cycle 629
PC: 0x00005154


cycle 630
PC: 0x00005158


cycle 631
PC: 0x0000515C


cycle 632
PC: 0x00005160


cycle 633
PC: 0x00005164


cycle 634
PC: 0x00005168


cycle 635
PC: 0x0000516C


cycle 636
PC: 0x00005170


cycle 637
PC: 0x00005174


cycle 638
PC: 0x00005178


cycle 639
PC: 0x0000517C


cycle 640
PC: 0x00005180


cycle 641
PC: 0x00005184


cycle 642
PC: 0x00005188


cycle 643
PC: 0x0000518C


cycle 644
PC: 0x00005190


cycle 645
PC: 0x00005194


cycle 646
PC: 0x00005198


cycle 647
PC: 0x0000519C


cycle 648
PC: 0x000051A0


cycle 649
PC: 0x000051A4


cycle 650
PC: 0x000051A8


cycle 651
PC: 0x000051AC


cycle 652
PC: 0x000051B0


cycle 653
PC: 0x000051B4


cycle 654
PC: 0x000051B8


cycle 655
PC: 0x000051BC


cycle 656
PC: 0x000051C0


cycle 657
PC: 0x000051C4


cycle 658
PC: 0x000051C8


cycle 659
PC: 0x000051CC


cycle 660
PC: 0x000051D0


cycle 661
PC: 0x000051D4


cycle 662
PC: 0x000051D8


cycle 663
PC: 0x000051DC


cycle 664
PC: 0x000051E0


cycle 665
PC: 0x000051E4


cycle 666
PC: 0x000051E8


cycle 667
PC: 0x000051EC


cycle 668
PC: 0x000051F0


cycle 669
PC: 0x000051F4


cycle 670
PC: 0x000051F8


cycle 671
PC: 0x000051FC


cycle 672
PC: 0x00005200


cycle 673
PC: 0x00005204


cycle 674
PC: 0x00005208


cycle 675
PC: 0x0000520C


cycle 676
PC: 0x00005210


cycle 677
PC: 0x00005214


cycle 678
PC: 0x00005218


cycle 679
PC: 0x0000521C


cycle 680
PC: 0x00005220


cycle 681
PC: 0x00005224


cycle 682
PC: 0x00005228


cycle 683
PC: 0x0000522C


cycle 684
PC: 0x00005230


cycle 685
PC: 0x00005234


cycle 686
PC: 0x00005238


cycle 687
PC: 0x0000523C


cycle 688
PC: 0x00005240


cycle 689
PC: 0x00005244


cycle 690
PC: 0x00005248


cycle 691
PC: 0x0000524C


cycle 692
PC: 0x00005250


cycle 693
PC: 0x00005254


cycle 694
PC: 0x00005258


cycle 695
PC: 0x0000525C


cycle 696
PC: 0x00005260


cycle 697
PC: 0x00005264


cycle 698
PC: 0x00005268


cycle 699
PC: 0x0000526C


cycle 700
PC: 0x00005270


cycle 701
PC: 0x00005274


cycle 702
PC: 0x00005278


cycle 703
PC: 0x0000527C


cycle 704
PC: 0x00005280


cycle 705
PC: 0x00005284


cycle 706
PC: 0x00005288


cycle 707
PC: 0x0000528C


cycle 708
PC: 0x00005290


cycle 709
PC: 0x00005294


cycle 710
PC: 0x00005298


cycle 711
PC: 0x0000529C


cycle 712
PC: 0x000052A0


cycle 713
PC: 0x000052A4


cycle 714
PC: 0x000052A8


cycle 715
PC: 0x000052AC


cycle 716
PC: 0x000052B0


cycle 717
PC: 0x000052B4


cycle 718
PC: 0x000052B8


cycle 719
PC: 0x000052BC


cycle 720
PC: 0x000052C0


cycle 721
PC: 0x000052C4


cycle 722
PC: 0x000052C8


cycle 723
PC: 0x000052CC


cycle 724
PC: 0x000052D0


cycle 725
PC: 0x000052D4


cycle 726
PC: 0x000052D8


cycle 727
PC: 0x000052DC


cycle 728
PC: 0x000052E0


cycle 729
PC: 0x000052E4


cycle 730
PC: 0x000052E8


cycle 731
PC: 0x000052EC


cycle 732
PC: 0x000052F0


cycle 733
PC: 0x000052F4


cycle 734
PC: 0x000052F8


cycle 735
PC: 0x000052FC


cycle 736
PC: 0x00005300


cycle 737
PC: 0x00005304


cycle 738
PC: 0x00005308


cycle 739
PC: 0x0000530C


cycle 740
PC: 0x00005310


cycle 741
PC: 0x00005314


cycle 742
PC: 0x00005318


cycle 743
PC: 0x0000531C


cycle 744
PC: 0x00005320


cycle 745
PC: 0x00005324


cycle 746
PC: 0x00005328


cycle 747
PC: 0x0000532C


cycle 748
PC: 0x00005330


cycle 749
PC: 0x00005334


cycle 750
PC: 0x00005338


cycle 751
PC: 0x0000533C


cycle 752
PC: 0x00005340


cycle 753
PC: 0x00005344


cycle 754
PC: 0x00005348


cycle 755
PC: 0x0000534C


cycle 756
PC: 0x00005350


cycle 757
PC: 0x00005354


cycle 758
PC: 0x00005358


cycle 759
PC: 0x0000535C


cycle 760
PC: 0x00005360


cycle 761
PC: 0x00005364


cycle 762
PC: 0x00005368


cycle 763
PC: 0x0000536C


cycle 764
PC: 0x00005370


cycle 765
PC: 0x00005374


cycle 766
PC: 0x00005378


cycle 767
PC: 0x0000537C


cycle 768
PC: 0x00005380


cycle 769
PC: 0x00005384


cycle 770
PC: 0x00005388


cycle 771
PC: 0x0000538C


cycle 772
PC: 0x00005390


cycle 773
PC: 0x00005394


cycle 774
PC: 0x00005398


cycle 775
PC: 0x0000539C


cycle 776
PC: 0x000053A0


cycle 777
PC: 0x000053A4


cycle 778
PC: 0x000053A8


cycle 779
PC: 0x000053AC


cycle 780
PC: 0x000053B0


cycle 781
PC: 0x000053B4


cycle 782
PC: 0x000053B8


cycle 783
PC: 0x000053BC


cycle 784
PC: 0x000053C0


cycle 785
PC: 0x000053C4


cycle 786
PC: 0x000053C8


cycle 787
PC: 0x000053CC


cycle 788
PC: 0x000053D0


cycle 789
PC: 0x000053D4


cycle 790
PC: 0x000053D8


cycle 791
PC: 0x000053DC


cycle 792
PC: 0x000053E0


cycle 793
PC: 0x000053E4


cycle 794
PC: 0x000053E8


cycle 795
PC: 0x000053EC


cycle 796
PC: 0x000053F0


cycle 797
PC: 0x000053F4


cycle 798
PC: 0x000053F8


cycle 799
PC: 0x000053FC


cycle 800
PC: 0x00005400


cycle 801
PC: 0x00005404


cycle 802
PC: 0x00005408


cycle 803
PC: 0x0000540C


cycle 804
PC: 0x00005410


cycle 805
PC: 0x00005414


cycle 806
PC: 0x00005418


cycle 807
PC: 0x0000541C


cycle 808
PC: 0x00005420


cycle 809
PC: 0x00005424


cycle 810
PC: 0x00005428


cycle 811
PC: 0x0000542C


cycle 812
PC: 0x00005430


cycle 813
PC: 0x00005434


cycle 814
PC: 0x00005438


cycle 815
PC: 0x0000543C


cycle 816
PC: 0x00005440


cycle 817
PC: 0x00005444


cycle 818
PC: 0x00005448


cycle 819
PC: 0x0000544C


cycle 820
PC: 0x00005450


cycle 821
PC: 0x00005454


cycle 822
PC: 0x00005458


cycle 823
PC: 0x0000545C


cycle 824
PC: 0x00005460


cycle 825
PC: 0x00005464


cycle 826
PC: 0x00005468


cycle 827
PC: 0x0000546C


cycle 828
PC: 0x00005470


cycle 829
PC: 0x00005474


cycle 830
PC: 0x00005478


cycle 831
PC: 0x0000547C


cycle 832
PC: 0x00005480


cycle 833
PC: 0x00005484


cycle 834
PC: 0x00005488


cycle 835
PC: 0x0000548C


cycle 836
PC: 0x00005490


cycle 837
PC: 0x00005494


cycle 838
PC: 0x00005498


cycle 839
PC: 0x0000549C


cycle 840
PC: 0x000054A0


cycle 841
PC: 0x000054A4


cycle 842
PC: 0x000054A8


cycle 843
PC: 0x000054AC


cycle 844
PC: 0x000054B0


cycle 845
PC: 0x000054B4


cycle 846
PC: 0x000054B8


cycle 847
PC: 0x000054BC


cycle 848
PC: 0x000054C0


cycle 849
PC: 0x000054C4


cycle 850
PC: 0x000054C8


cycle 851
PC: 0x000054CC


cycle 852
PC: 0x000054D0


cycle 853
PC: 0x000054D4


cycle 854
PC: 0x000054D8


cycle 855
PC: 0x000054DC


cycle 856
PC: 0x000054E0


cycle 857
PC: 0x000054E4


cycle 858
PC: 0x000054E8


cycle 859
PC: 0x000054EC


cycle 860
PC: 0x000054F0


cycle 861
PC: 0x000054F4


cycle 862
PC: 0x000054F8


cycle 863
PC: 0x000054FC


cycle 864
PC: 0x00005500


cycle 865
PC: 0x00005504


cycle 866
PC: 0x00005508


cycle 867
PC: 0x0000550C


cycle 868
PC: 0x00005510


cycle 869
PC: 0x00005514


cycle 870
PC: 0x00005518


cycle 871
PC: 0x0000551C


cycle 872
PC: 0x00005520


cycle 873
PC: 0x00005524


cycle 874
PC: 0x00005528


cycle 875
PC: 0x0000552C


cycle 876
PC: 0x00005530


cycle 877
PC: 0x00005534


cycle 878
PC: 0x00005538


cycle 879
PC: 0x0000553C


cycle 880
PC: 0x00005540


cycle 881
PC: 0x00005544


cycle 882
PC: 0x00005548


cycle 883
PC: 0x0000554C


cycle 884
PC: 0x00005550


cycle 885
PC: 0x00005554


cycle 886
PC: 0x00005558


cycle 887
PC: 0x0000555C


cycle 888
PC: 0x00005560


cycle 889
PC: 0x00005564


cycle 890
PC: 0x00005568


cycle 891
PC: 0x0000556C


cycle 892
PC: 0x00005570


cycle 893
PC: 0x00005574


cycle 894
PC: 0x00005578


cycle 895
PC: 0x0000557C


cycle 896
PC: 0x00005580


cycle 897
PC: 0x00005584


cycle 898
PC: 0x00005588


cycle 899
PC: 0x0000558C


cycle 900
PC: 0x00005590


cycle 901
PC: 0x00005594


cycle 902
PC: 0x00005598


cycle 903
PC: 0x0000559C


cycle 904
PC: 0x000055A0


cycle 905
PC: 0x000055A4


cycle 906
PC: 0x000055A8


cycle 907
PC: 0x000055AC


cycle 908
PC: 0x000055B0


cycle 909
PC: 0x000055B4


cycle 910
PC: 0x000055B8


cycle 911
PC: 0x000055BC


cycle 912
PC: 0x000055C0


cycle 913
PC: 0x000055C4


cycle 914
PC: 0x000055C8


cycle 915
PC: 0x000055CC


cycle 916
PC: 0x000055D0


cycle 917
PC: 0x000055D4


cycle 918
PC: 0x000055D8


cycle 919
PC: 0x000055DC


cycle 920
PC: 0x000055E0


cycle 921
PC: 0x000055E4


cycle 922
PC: 0x000055E8


cycle 923
PC: 0x000055EC


cycle 924
PC: 0x000055F0


cycle 925
PC: 0x000055F4


cycle 926
PC: 0x000055F8


cycle 927
PC: 0x000055FC


cycle 928
PC: 0x00005600


cycle 929
PC: 0x00005604


cycle 930
PC: 0x00005608


cycle 931
PC: 0x0000560C


cycle 932
PC: 0x00005610


cycle 933
PC: 0x00005614


cycle 934
PC: 0x00005618


cycle 935
PC: 0x0000561C


cycle 936
PC: 0x00005620


cycle 937
PC: 0x00005624


cycle 938
PC: 0x00005628


cycle 939
PC: 0x0000562C


cycle 940
PC: 0x00005630


cycle 941
PC: 0x00005634


cycle 942
PC: 0x00005638


cycle 943
PC: 0x0000563C


cycle 944
PC: 0x00005640


cycle 945
PC: 0x00005644


cycle 946
PC: 0x00005648


cycle 947
PC: 0x0000564C


cycle 948
PC: 0x00005650


cycle 949
PC: 0x00005654


cycle 950
PC: 0x00005658


cycle 951
PC: 0x0000565C


cycle 952
PC: 0x00005660


cycle 953
PC: 0x00005664


cycle 954
PC: 0x00005668


cycle 955
PC: 0x0000566C


cycle 956
PC: 0x00005670


cycle 957
PC: 0x00005674


cycle 958
PC: 0x00005678


cycle 959
PC: 0x0000567C


cycle 960
PC: 0x00005680


cycle 961
PC: 0x00005684


cycle 962
PC: 0x00005688


cycle 963
PC: 0x0000568C


cycle 964
PC: 0x00005690


cycle 965
PC: 0x00005694


cycle 966
PC: 0x00005698


cycle 967
PC: 0x0000569C


cycle 968
PC: 0x000056A0


cycle 969
PC: 0x000056A4


cycle 970
PC: 0x000056A8


cycle 971
PC: 0x000056AC


cycle 972
PC: 0x000056B0


cycle 973
PC: 0x000056B4


cycle 974
PC: 0x000056B8


cycle 975
PC: 0x000056BC


cycle 976
PC: 0x000056C0


cycle 977
PC: 0x000056C4


cycle 978
PC: 0x000056C8


cycle 979
PC: 0x000056CC


cycle 980
PC: 0x000056D0


cycle 981
PC: 0x000056D4


cycle 982
PC: 0x000056D8


cycle 983
PC: 0x000056DC


cycle 984
PC: 0x000056E0


cycle 985
PC: 0x000056E4


cycle 986
PC: 0x000056E8


cycle 987
PC: 0x000056EC


cycle 988
PC: 0x000056F0


cycle 989
PC: 0x000056F4


cycle 990
PC: 0x000056F8


cycle 991
PC: 0x000056FC


cycle 992
PC: 0x00005700


cycle 993
PC: 0x00005704


cycle 994
PC: 0x00005708


cycle 995
PC: 0x0000570C


cycle 996
PC: 0x00005710


cycle 997
PC: 0x00005714


cycle 998
PC: 0x00005718


cycle 999
PC: 0x0000571C


cycle 1000
PC: 0x00005720


cycle 1001
PC: 0x00005724


cycle 1002
PC: 0x00005728


cycle 1003
PC: 0x0000572C


cycle 1004
PC: 0x00005730


cycle 1005
PC: 0x00005734


cycle 1006
PC: 0x00005738


cycle 1007
PC: 0x0000573C


cycle 1008
PC: 0x00005740


cycle 1009
PC: 0x00005744


cycle 1010
PC: 0x00005748


cycle 1011
PC: 0x0000574C


cycle 1012
PC: 0x00005750


cycle 1013
PC: 0x00005754


cycle 1014
PC: 0x00005758


cycle 1015
PC: 0x0000575C


cycle 1016
PC: 0x00005760


cycle 1017
PC: 0x00005764


cycle 1018
PC: 0x00005768


cycle 1019
PC: 0x0000576C


cycle 1020
PC: 0x00005770


cycle 1021
PC: 0x00005774


cycle 1022
PC: 0x00005778


cycle 1023
PC: 0x0000577C


cycle 1024
PC: 0x00005780


cycle 1025
PC: 0x00005784


cycle 1026
PC: 0x00005788


cycle 1027
PC: 0x0000578C


cycle 1028
PC: 0x00005790


cycle 1029
PC: 0x00005794


cycle 1030
PC: 0x00005798


cycle 1031
PC: 0x0000579C


cycle 1032
PC: 0x000057A0


cycle 1033
PC: 0x000057A4


cycle 1034
PC: 0x000057A8


cycle 1035
PC: 0x000057AC


cycle 1036
PC: 0x000057B0


cycle 1037
PC: 0x000057B4


cycle 1038
PC: 0x000057B8


cycle 1039
PC: 0x000057BC


cycle 1040
PC: 0x000057C0


cycle 1041
PC: 0x000057C4


cycle 1042
PC: 0x000057C8


cycle 1043
PC: 0x000057CC


cycle 1044
PC: 0x000057D0


cycle 1045
PC: 0x000057D4


cycle 1046
PC: 0x000057D8


cycle 1047
PC: 0x000057DC


cycle 1048
PC: 0x000057E0


cycle 1049
PC: 0x000057E4


cycle 1050
PC: 0x000057E8


cycle 1051
PC: 0x000057EC


cycle 1052
PC: 0x000057F0


cycle 1053
PC: 0x000057F4


cycle 1054
PC: 0x000057F8


cycle 1055
PC: 0x000057FC


cycle 1056
PC: 0x00005800


cycle 1057
PC: 0x00005804


cycle 1058
PC: 0x00005808


cycle 1059
PC: 0x0000580C


cycle 1060
PC: 0x00005810


cycle 1061
PC: 0x00005814


cycle 1062
PC: 0x00005818


cycle 1063
PC: 0x0000581C


cycle 1064
PC: 0x00005820


cycle 1065
PC: 0x00005824


cycle 1066
PC: 0x00005828


cycle 1067
PC: 0x0000582C


cycle 1068
PC: 0x00005830


cycle 1069
PC: 0x00005834


cycle 1070
PC: 0x00005838


cycle 1071
PC: 0x0000583C


cycle 1072
PC: 0x00005840


cycle 1073
PC: 0x00005844


cycle 1074
PC: 0x00005848


cycle 1075
PC: 0x0000584C


cycle 1076
PC: 0x00005850


cycle 1077
PC: 0x00005854


cycle 1078
PC: 0x00005858


cycle 1079
PC: 0x0000585C


cycle 1080
PC: 0x00005860


cycle 1081
PC: 0x00005864


cycle 1082
PC: 0x00005868


cycle 1083
PC: 0x0000586C


cycle 1084
PC: 0x00005870


cycle 1085
PC: 0x00005874


cycle 1086
PC: 0x00005878


cycle 1087
PC: 0x0000587C


cycle 1088
PC: 0x00005880


cycle 1089
PC: 0x00005884


cycle 1090
PC: 0x00005888


cycle 1091
PC: 0x0000588C


cycle 1092
PC: 0x00005890


cycle 1093
PC: 0x00005894


cycle 1094
PC: 0x00005898


cycle 1095
PC: 0x0000589C


cycle 1096
PC: 0x000058A0


cycle 1097
PC: 0x000058A4


cycle 1098
PC: 0x000058A8


cycle 1099
PC: 0x000058AC


cycle 1100
PC: 0x000058B0


cycle 1101
PC: 0x000058B4


cycle 1102
PC: 0x000058B8


cycle 1103
PC: 0x000058BC


cycle 1104
PC: 0x000058C0


cycle 1105
PC: 0x000058C4


cycle 1106
PC: 0x000058C8


cycle 1107
PC: 0x000058CC


cycle 1108
PC: 0x000058D0


cycle 1109
PC: 0x000058D4


cycle 1110
PC: 0x000058D8


cycle 1111
PC: 0x000058DC


cycle 1112
PC: 0x000058E0


cycle 1113
PC: 0x000058E4


cycle 1114
PC: 0x000058E8


cycle 1115
PC: 0x000058EC


cycle 1116
PC: 0x000058F0


cycle 1117
PC: 0x000058F4


cycle 1118
PC: 0x000058F8


cycle 1119
PC: 0x000058FC


cycle 1120
PC: 0x00005900


cycle 1121
PC: 0x00005904


cycle 1122
PC: 0x00005908


cycle 1123
PC: 0x0000590C


cycle 1124
PC: 0x00005910


cycle 1125
PC: 0x00005914


cycle 1126
PC: 0x00005918


cycle 1127
PC: 0x0000591C


cycle 1128
PC: 0x00005920


cycle 1129
PC: 0x00005924


cycle 1130
PC: 0x00005928


cycle 1131
PC: 0x0000592C


cycle 1132
PC: 0x00005930


cycle 1133
PC: 0x00005934


cycle 1134
PC: 0x00005938


cycle 1135
PC: 0x0000593C


cycle 1136
PC: 0x00005940


cycle 1137
PC: 0x00005944


cycle 1138
PC: 0x00005948


cycle 1139
PC: 0x0000594C


cycle 1140
PC: 0x00005950


cycle 1141
PC: 0x00005954


cycle 1142
PC: 0x00005958


cycle 1143
PC: 0x0000595C


cycle 1144
PC: 0x00005960


cycle 1145
PC: 0x00005964


cycle 1146
PC: 0x00005968


cycle 1147
PC: 0x0000596C


cycle 1148
PC: 0x00005970


cycle 1149
PC: 0x00005974


cycle 1150
PC: 0x00005978


cycle 1151
PC: 0x0000597C


cycle 1152
PC: 0x00005980


cycle 1153
PC: 0x00005984


cycle 1154
PC: 0x00005988


cycle 1155
PC: 0x0000598C


cycle 1156
PC: 0x00005990


cycle 1157
PC: 0x00005994


cycle 1158
PC: 0x00005998


cycle 1159
PC: 0x0000599C


cycle 1160
PC: 0x000059A0


cycle 1161
PC: 0x000059A4


cycle 1162
PC: 0x000059A8


cycle 1163
PC: 0x000059AC


cycle 1164
PC: 0x000059B0


cycle 1165
PC: 0x000059B4


cycle 1166
PC: 0x000059B8


cycle 1167
PC: 0x000059BC


cycle 1168
PC: 0x000059C0


cycle 1169
PC: 0x000059C4


cycle 1170
PC: 0x000059C8


cycle 1171
PC: 0x000059CC


cycle 1172
PC: 0x000059D0


cycle 1173
PC: 0x000059D4


cycle 1174
PC: 0x000059D8


cycle 1175
PC: 0x000059DC


cycle 1176
PC: 0x000059E0


cycle 1177
PC: 0x000059E4


cycle 1178
PC: 0x000059E8


cycle 1179
PC: 0x000059EC


cycle 1180
PC: 0x000059F0


cycle 1181
PC: 0x000059F4


cycle 1182
PC: 0x000059F8


cycle 1183
PC: 0x000059FC


cycle 1184
PC: 0x00005A00


cycle 1185
PC: 0x00005A04


cycle 1186
PC: 0x00005A08


cycle 1187
PC: 0x00005A0C


cycle 1188
PC: 0x00005A10


cycle 1189
PC: 0x00005A14


cycle 1190
PC: 0x00005A18


cycle 1191
PC: 0x00005A1C


cycle 1192
PC: 0x00005A20


cycle 1193
PC: 0x00005A24


cycle 1194
PC: 0x00005A28


cycle 1195
PC: 0x00005A2C


cycle 1196
PC: 0x00005A30


cycle 1197
PC: 0x00005A34


cycle 1198
PC: 0x00005A38


cycle 1199
PC: 0x00005A3C


cycle 1200
PC: 0x00005A40


cycle 1201
PC: 0x00005A44


cycle 1202
PC: 0x00005A48


cycle 1203
PC: 0x00005A4C


cycle 1204
PC: 0x00005A50


cycle 1205
PC: 0x00005A54


cycle 1206
PC: 0x00005A58


cycle 1207
PC: 0x00005A5C


cycle 1208
PC: 0x00005A60


cycle 1209
PC: 0x00005A64


cycle 1210
PC: 0x00005A68


cycle 1211
PC: 0x00005A6C


cycle 1212
PC: 0x00005A70


cycle 1213
PC: 0x00005A74


cycle 1214
PC: 0x00005A78


cycle 1215
PC: 0x00005A7C


cycle 1216
PC: 0x00005A80


cycle 1217
PC: 0x00005A84


cycle 1218
PC: 0x00005A88


cycle 1219
PC: 0x00005A8C


cycle 1220
PC: 0x00005A90


cycle 1221
PC: 0x00005A94


cycle 1222
PC: 0x00005A98


cycle 1223
PC: 0x00005A9C


cycle 1224
PC: 0x00005AA0


cycle 1225
PC: 0x00005AA4


cycle 1226
PC: 0x00005AA8


cycle 1227
PC: 0x00005AAC


cycle 1228
PC: 0x00005AB0


cycle 1229
PC: 0x00005AB4


cycle 1230
PC: 0x00005AB8


cycle 1231
PC: 0x00005ABC


cycle 1232
PC: 0x00005AC0


cycle 1233
PC: 0x00005AC4


cycle 1234
PC: 0x00005AC8


cycle 1235
PC: 0x00005ACC


cycle 1236
PC: 0x00005AD0


cycle 1237
PC: 0x00005AD4


cycle 1238
PC: 0x00005AD8


cycle 1239
PC: 0x00005ADC


cycle 1240
PC: 0x00005AE0


cycle 1241
PC: 0x00005AE4


cycle 1242
PC: 0x00005AE8


cycle 1243
PC: 0x00005AEC


cycle 1244
PC: 0x00005AF0


cycle 1245
PC: 0x00005AF4


cycle 1246
PC: 0x00005AF8


cycle 1247
PC: 0x00005AFC


cycle 1248
PC: 0x00005B00


cycle 1249
PC: 0x00005B04


cycle 1250
PC: 0x00005B08


cycle 1251
PC: 0x00005B0C


cycle 1252
PC: 0x00005B10


cycle 1253
PC: 0x00005B14


cycle 1254
PC: 0x00005B18


cycle 1255
PC: 0x00005B1C


cycle 1256
PC: 0x00005B20


cycle 1257
PC: 0x00005B24


cycle 1258
PC: 0x00005B28


cycle 1259
PC: 0x00005B2C


cycle 1260
PC: 0x00005B30


cycle 1261
PC: 0x00005B34


cycle 1262
PC: 0x00005B38


cycle 1263
PC: 0x00005B3C


cycle 1264
PC: 0x00005B40


cycle 1265
PC: 0x00005B44


cycle 1266
PC: 0x00005B48


cycle 1267
PC: 0x00005B4C


cycle 1268
PC: 0x00005B50


cycle 1269
PC: 0x00005B54


cycle 1270
PC: 0x00005B58


cycle 1271
PC: 0x00005B5C


cycle 1272
PC: 0x00005B60


cycle 1273
PC: 0x00005B64


cycle 1274
PC: 0x00005B68


cycle 1275
PC: 0x00005B6C


cycle 1276
PC: 0x00005B70


cycle 1277
PC: 0x00005B74


cycle 1278
PC: 0x00005B78


cycle 1279
PC: 0x00005B7C


cycle 1280
PC: 0x00005B80


cycle 1281
PC: 0x00005B84


cycle 1282
PC: 0x00005B88


cycle 1283
PC: 0x00005B8C


cycle 1284
PC: 0x00005B90


cycle 1285
PC: 0x00005B94


cycle 1286
PC: 0x00005B98


cycle 1287
PC: 0x00005B9C


cycle 1288
PC: 0x00005BA0


cycle 1289
PC: 0x00005BA4


cycle 1290
PC: 0x00005BA8


cycle 1291
PC: 0x00005BAC


cycle 1292
PC: 0x00005BB0


cycle 1293
PC: 0x00005BB4


cycle 1294
PC: 0x00005BB8


cycle 1295
PC: 0x00005BBC


cycle 1296
PC: 0x00005BC0


cycle 1297
PC: 0x00005BC4


cycle 1298
PC: 0x00005BC8


cycle 1299
PC: 0x00005BCC


cycle 1300
PC: 0x00005BD0


cycle 1301
PC: 0x00005BD4


cycle 1302
PC: 0x00005BD8


cycle 1303
PC: 0x00005BDC


cycle 1304
PC: 0x00005BE0


cycle 1305
PC: 0x00005BE4


cycle 1306
PC: 0x00005BE8


cycle 1307
PC: 0x00005BEC


cycle 1308
PC: 0x00005BF0


cycle 1309
PC: 0x00005BF4


cycle 1310
PC: 0x00005BF8


cycle 1311
PC: 0x00005BFC


cycle 1312
PC: 0x00005C00


cycle 1313
PC: 0x00005C04


cycle 1314
PC: 0x00005C08


cycle 1315
PC: 0x00005C0C


cycle 1316
PC: 0x00005C10


cycle 1317
PC: 0x00005C14


cycle 1318
PC: 0x00005C18


cycle 1319
PC: 0x00005C1C


cycle 1320
PC: 0x00005C20


cycle 1321
PC: 0x00005C24


cycle 1322
PC: 0x00005C28


cycle 1323
PC: 0x00005C2C


cycle 1324
PC: 0x00005C30


cycle 1325
PC: 0x00005C34


cycle 1326
PC: 0x00005C38


cycle 1327
PC: 0x00005C3C


cycle 1328
PC: 0x00005C40


cycle 1329
PC: 0x00005C44


cycle 1330
PC: 0x00005C48


cycle 1331
PC: 0x00005C4C


cycle 1332
PC: 0x00005C50


cycle 1333
PC: 0x00005C54


cycle 1334
PC: 0x00005C58


cycle 1335
PC: 0x00005C5C


cycle 1336
PC: 0x00005C60


cycle 1337
PC: 0x00005C64


cycle 1338
PC: 0x00005C68


cycle 1339
PC: 0x00005C6C


cycle 1340
PC: 0x00005C70


cycle 1341
PC: 0x00005C74


cycle 1342
PC: 0x00005C78


cycle 1343
PC: 0x00005C7C


cycle 1344
PC: 0x00005C80


cycle 1345
PC: 0x00005C84


cycle 1346
PC: 0x00005C88


cycle 1347
PC: 0x00005C8C


cycle 1348
PC: 0x00005C90


cycle 1349
PC: 0x00005C94


cycle 1350
PC: 0x00005C98


cycle 1351
PC: 0x00005C9C


cycle 1352
PC: 0x00005CA0


cycle 1353
PC: 0x00005CA4


cycle 1354
PC: 0x00005CA8


cycle 1355
PC: 0x00005CAC


cycle 1356
PC: 0x00005CB0


cycle 1357
PC: 0x00005CB4


cycle 1358
PC: 0x00005CB8


cycle 1359
PC: 0x00005CBC


cycle 1360
PC: 0x00005CC0


cycle 1361
PC: 0x00005CC4


cycle 1362
PC: 0x00005CC8


cycle 1363
PC: 0x00005CCC


cycle 1364
PC: 0x00005CD0


cycle 1365
PC: 0x00005CD4


cycle 1366
PC: 0x00005CD8


cycle 1367
PC: 0x00005CDC


cycle 1368
PC: 0x00005CE0


cycle 1369
PC: 0x00005CE4


cycle 1370
PC: 0x00005CE8


cycle 1371
PC: 0x00005CEC


cycle 1372
PC: 0x00005CF0


cycle 1373
PC: 0x00005CF4


cycle 1374
PC: 0x00005CF8


cycle 1375
PC: 0x00005CFC


cycle 1376
PC: 0x00005D00


cycle 1377
PC: 0x00005D04


cycle 1378
PC: 0x00005D08


cycle 1379
PC: 0x00005D0C


cycle 1380
PC: 0x00005D10


cycle 1381
PC: 0x00005D14


cycle 1382
PC: 0x00005D18


cycle 1383
PC: 0x00005D1C


cycle 1384
PC: 0x00005D20


cycle 1385
PC: 0x00005D24


cycle 1386
PC: 0x00005D28


cycle 1387
PC: 0x00005D2C


cycle 1388
PC: 0x00005D30


cycle 1389
PC: 0x00005D34


cycle 1390
PC: 0x00005D38


cycle 1391
PC: 0x00005D3C


cycle 1392
PC: 0x00005D40


cycle 1393
PC: 0x00005D44


cycle 1394
PC: 0x00005D48


cycle 1395
PC: 0x00005D4C


cycle 1396
PC: 0x00005D50


cycle 1397
PC: 0x00005D54


cycle 1398
PC: 0x00005D58


cycle 1399
PC: 0x00005D5C


cycle 1400
PC: 0x00005D60


cycle 1401
PC: 0x00005D64


cycle 1402
PC: 0x00005D68


cycle 1403
PC: 0x00005D6C


cycle 1404
PC: 0x00005D70


cycle 1405
PC: 0x00005D74


cycle 1406
PC: 0x00005D78


cycle 1407
PC: 0x00005D7C


cycle 1408
PC: 0x00005D80


cycle 1409
PC: 0x00005D84


cycle 1410
PC: 0x00005D88


cycle 1411
PC: 0x00005D8C


cycle 1412
PC: 0x00005D90


cycle 1413
PC: 0x00005D94


cycle 1414
PC: 0x00005D98


cycle 1415
PC: 0x00005D9C


cycle 1416
PC: 0x00005DA0


cycle 1417
PC: 0x00005DA4


cycle 1418
PC: 0x00005DA8


cycle 1419
PC: 0x00005DAC


cycle 1420
PC: 0x00005DB0


cycle 1421
PC: 0x00005DB4


cycle 1422
PC: 0x00005DB8


cycle 1423
PC: 0x00005DBC


cycle 1424
PC: 0x00005DC0


cycle 1425
PC: 0x00005DC4


cycle 1426
PC: 0x00005DC8


cycle 1427
PC: 0x00005DCC


cycle 1428
PC: 0x00005DD0


cycle 1429
PC: 0x00005DD4


cycle 1430
PC: 0x00005DD8


cycle 1431
PC: 0x00005DDC


cycle 1432
PC: 0x00005DE0


cycle 1433
PC: 0x00005DE4


cycle 1434
PC: 0x00005DE8


cycle 1435
PC: 0x00005DEC


cycle 1436
PC: 0x00005DF0


cycle 1437
PC: 0x00005DF4


cycle 1438
PC: 0x00005DF8


cycle 1439
PC: 0x00005DFC


cycle 1440
PC: 0x00005E00


cycle 1441
PC: 0x00005E04


cycle 1442
PC: 0x00005E08


cycle 1443
PC: 0x00005E0C


cycle 1444
PC: 0x00005E10


cycle 1445
PC: 0x00005E14


cycle 1446
PC: 0x00005E18


cycle 1447
PC: 0x00005E1C


cycle 1448
PC: 0x00005E20


cycle 1449
PC: 0x00005E24


cycle 1450
PC: 0x00005E28


cycle 1451
PC: 0x00005E2C


cycle 1452
PC: 0x00005E30


cycle 1453
PC: 0x00005E34


cycle 1454
PC: 0x00005E38


cycle 1455
PC: 0x00005E3C


cycle 1456
PC: 0x00005E40


cycle 1457
PC: 0x00005E44


cycle 1458
PC: 0x00005E48


cycle 1459
PC: 0x00005E4C


cycle 1460
PC: 0x00005E50


cycle 1461
PC: 0x00005E54


cycle 1462
PC: 0x00005E58


cycle 1463
PC: 0x00005E5C


cycle 1464
PC: 0x00005E60


cycle 1465
PC: 0x00005E64


cycle 1466
PC: 0x00005E68


cycle 1467
PC: 0x00005E6C


cycle 1468
PC: 0x00005E70


cycle 1469
PC: 0x00005E74


cycle 1470
PC: 0x00005E78


cycle 1471
PC: 0x00005E7C


cycle 1472
PC: 0x00005E80


cycle 1473
PC: 0x00005E84


cycle 1474
PC: 0x00005E88


cycle 1475
PC: 0x00005E8C


cycle 1476
PC: 0x00005E90


cycle 1477
PC: 0x00005E94


cycle 1478
PC: 0x00005E98


cycle 1479
PC: 0x00005E9C


cycle 1480
PC: 0x00005EA0


cycle 1481
PC: 0x00005EA4


cycle 1482
PC: 0x00005EA8


cycle 1483
PC: 0x00005EAC


cycle 1484
PC: 0x00005EB0


cycle 1485
PC: 0x00005EB4


cycle 1486
PC: 0x00005EB8


cycle 1487
PC: 0x00005EBC


cycle 1488
PC: 0x00005EC0


cycle 1489
PC: 0x00005EC4


cycle 1490
PC: 0x00005EC8


cycle 1491
PC: 0x00005ECC


cycle 1492
PC: 0x00005ED0


cycle 1493
PC: 0x00005ED4


cycle 1494
PC: 0x00005ED8


cycle 1495
PC: 0x00005EDC


cycle 1496
PC: 0x00005EE0


cycle 1497
PC: 0x00005EE4


cycle 1498
PC: 0x00005EE8


cycle 1499
PC: 0x00005EEC


cycle 1500
PC: 0x00005EF0


cycle 1501
PC: 0x00005EF4


cycle 1502
PC: 0x00005EF8


cycle 1503
PC: 0x00005EFC


cycle 1504
PC: 0x00005F00


cycle 1505
PC: 0x00005F04


cycle 1506
PC: 0x00005F08


cycle 1507
PC: 0x00005F0C


cycle 1508
PC: 0x00005F10


cycle 1509
PC: 0x00005F14


cycle 1510
PC: 0x00005F18


cycle 1511
PC: 0x00005F1C


cycle 1512
PC: 0x00005F20


cycle 1513
PC: 0x00005F24


cycle 1514
PC: 0x00005F28


cycle 1515
PC: 0x00005F2C


cycle 1516
PC: 0x00005F30


cycle 1517
PC: 0x00005F34


cycle 1518
PC: 0x00005F38


cycle 1519
PC: 0x00005F3C


cycle 1520
PC: 0x00005F40


cycle 1521
PC: 0x00005F44


cycle 1522
PC: 0x00005F48


cycle 1523
PC: 0x00005F4C


cycle 1524
PC: 0x00005F50


cycle 1525
PC: 0x00005F54


cycle 1526
PC: 0x00005F58


cycle 1527
PC: 0x00005F5C


cycle 1528
PC: 0x00005F60


cycle 1529
PC: 0x00005F64


cycle 1530
PC: 0x00005F68


cycle 1531
PC: 0x00005F6C


cycle 1532
PC: 0x00005F70


cycle 1533
PC: 0x00005F74


cycle 1534
PC: 0x00005F78


cycle 1535
PC: 0x00005F7C


cycle 1536
PC: 0x00005F80


cycle 1537
PC: 0x00005F84


cycle 1538
PC: 0x00005F88


cycle 1539
PC: 0x00005F8C


cycle 1540
PC: 0x00005F90


cycle 1541
PC: 0x00005F94


cycle 1542
PC: 0x00005F98


cycle 1543
PC: 0x00005F9C


cycle 1544
PC: 0x00005FA0


cycle 1545
PC: 0x00005FA4


cycle 1546
PC: 0x00005FA8


cycle 1547
PC: 0x00005FAC


cycle 1548
PC: 0x00005FB0


cycle 1549
PC: 0x00005FB4


cycle 1550
PC: 0x00005FB8


cycle 1551
PC: 0x00005FBC


cycle 1552
PC: 0x00005FC0


cycle 1553
PC: 0x00005FC4


cycle 1554
PC: 0x00005FC8


cycle 1555
PC: 0x00005FCC


cycle 1556
PC: 0x00005FD0


cycle 1557
PC: 0x00005FD4


cycle 1558
PC: 0x00005FD8


cycle 1559
PC: 0x00005FDC


cycle 1560
PC: 0x00005FE0


cycle 1561
PC: 0x00005FE4


cycle 1562
PC: 0x00005FE8


cycle 1563
PC: 0x00005FEC


cycle 1564
PC: 0x00005FF0


cycle 1565
PC: 0x00005FF4


cycle 1566
PC: 0x00005FF8


cycle 1567
PC: 0x00005FFC


cycle 1568
PC: 0x00006000


cycle 1569
PC: 0x00006004


cycle 1570
PC: 0x00006008


cycle 1571
PC: 0x0000600C


cycle 1572
PC: 0x00006010


cycle 1573
PC: 0x00006014


cycle 1574
PC: 0x00006018


cycle 1575
PC: 0x0000601C


cycle 1576
PC: 0x00006020


cycle 1577
PC: 0x00006024


cycle 1578
PC: 0x00006028


cycle 1579
PC: 0x0000602C


cycle 1580
PC: 0x00006030


cycle 1581
PC: 0x00006034


cycle 1582
PC: 0x00006038


cycle 1583
PC: 0x0000603C


cycle 1584
PC: 0x00006040


cycle 1585
PC: 0x00006044


cycle 1586
PC: 0x00006048


cycle 1587
PC: 0x0000604C


cycle 1588
PC: 0x00006050


cycle 1589
PC: 0x00006054


cycle 1590
PC: 0x00006058


cycle 1591
PC: 0x0000605C


cycle 1592
PC: 0x00006060


cycle 1593
PC: 0x00006064


cycle 1594
PC: 0x00006068


cycle 1595
PC: 0x0000606C


cycle 1596
PC: 0x00006070


cycle 1597
PC: 0x00006074


cycle 1598
PC: 0x00006078


cycle 1599
PC: 0x0000607C


cycle 1600
PC: 0x00006080


cycle 1601
PC: 0x00006084


cycle 1602
PC: 0x00006088


cycle 1603
PC: 0x0000608C


cycle 1604
PC: 0x00006090


cycle 1605
PC: 0x00006094


cycle 1606
PC: 0x00006098


cycle 1607
PC: 0x0000609C


cycle 1608
PC: 0x000060A0


cycle 1609
PC: 0x000060A4


cycle 1610
PC: 0x000060A8


cycle 1611
PC: 0x000060AC


cycle 1612
PC: 0x000060B0


cycle 1613
PC: 0x000060B4


cycle 1614
PC: 0x000060B8


cycle 1615
PC: 0x000060BC


cycle 1616
PC: 0x000060C0


cycle 1617
PC: 0x000060C4


cycle 1618
PC: 0x000060C8


cycle 1619
PC: 0x000060CC


cycle 1620
PC: 0x000060D0


cycle 1621
PC: 0x000060D4


cycle 1622
PC: 0x000060D8


cycle 1623
PC: 0x000060DC


cycle 1624
PC: 0x000060E0


cycle 1625
PC: 0x000060E4


cycle 1626
PC: 0x000060E8


cycle 1627
PC: 0x000060EC


cycle 1628
PC: 0x000060F0


cycle 1629
PC: 0x000060F4


cycle 1630
PC: 0x000060F8


cycle 1631
PC: 0x000060FC


cycle 1632
PC: 0x00006100


cycle 1633
PC: 0x00006104


cycle 1634
PC: 0x00006108


cycle 1635
PC: 0x0000610C


cycle 1636
PC: 0x00006110


cycle 1637
PC: 0x00006114


cycle 1638
PC: 0x00006118


cycle 1639
PC: 0x0000611C


cycle 1640
PC: 0x00006120


cycle 1641
PC: 0x00006124


cycle 1642
PC: 0x00006128


cycle 1643
PC: 0x0000612C


cycle 1644
PC: 0x00006130


cycle 1645
PC: 0x00006134


cycle 1646
PC: 0x00006138


cycle 1647
PC: 0x0000613C


cycle 1648
PC: 0x00006140


cycle 1649
PC: 0x00006144


cycle 1650
PC: 0x00006148


cycle 1651
PC: 0x0000614C


cycle 1652
PC: 0x00006150


cycle 1653
PC: 0x00006154


cycle 1654
PC: 0x00006158


cycle 1655
PC: 0x0000615C


cycle 1656
PC: 0x00006160


cycle 1657
PC: 0x00006164


cycle 1658
PC: 0x00006168


cycle 1659
PC: 0x0000616C


cycle 1660
PC: 0x00006170


cycle 1661
PC: 0x00006174


cycle 1662
PC: 0x00006178


cycle 1663
PC: 0x0000617C


cycle 1664
PC: 0x00006180


cycle 1665
PC: 0x00006184


cycle 1666
PC: 0x00006188


cycle 1667
PC: 0x0000618C


cycle 1668
PC: 0x00006190


cycle 1669
PC: 0x00006194


cycle 1670
PC: 0x00006198


cycle 1671
PC: 0x0000619C


cycle 1672
PC: 0x000061A0


cycle 1673
PC: 0x000061A4


cycle 1674
PC: 0x000061A8


cycle 1675
PC: 0x000061AC


cycle 1676
PC: 0x000061B0


cycle 1677
PC: 0x000061B4


cycle 1678
PC: 0x000061B8


cycle 1679
PC: 0x000061BC


cycle 1680
PC: 0x000061C0


cycle 1681
PC: 0x000061C4


cycle 1682
PC: 0x000061C8


cycle 1683
PC: 0x000061CC


cycle 1684
PC: 0x000061D0


cycle 1685
PC: 0x000061D4


cycle 1686
PC: 0x000061D8


cycle 1687
PC: 0x000061DC


cycle 1688
PC: 0x000061E0


cycle 1689
PC: 0x000061E4


cycle 1690
PC: 0x000061E8


cycle 1691
PC: 0x000061EC


cycle 1692
PC: 0x000061F0


cycle 1693
PC: 0x000061F4


cycle 1694
PC: 0x000061F8


cycle 1695
PC: 0x000061FC


cycle 1696
PC: 0x00006200


cycle 1697
PC: 0x00006204


cycle 1698
PC: 0x00006208


cycle 1699
PC: 0x0000620C


cycle 1700
PC: 0x00006210


cycle 1701
PC: 0x00006214


cycle 1702
PC: 0x00006218


cycle 1703
PC: 0x0000621C


cycle 1704
PC: 0x00006220


cycle 1705
PC: 0x00006224


cycle 1706
PC: 0x00006228


cycle 1707
PC: 0x0000622C


cycle 1708
PC: 0x00006230


cycle 1709
PC: 0x00006234


cycle 1710
PC: 0x00006238


cycle 1711
PC: 0x0000623C


cycle 1712
PC: 0x00006240


cycle 1713
PC: 0x00006244


cycle 1714
PC: 0x00006248


cycle 1715
PC: 0x0000624C


cycle 1716
PC: 0x00006250


cycle 1717
PC: 0x00006254


cycle 1718
PC: 0x00006258


cycle 1719
PC: 0x0000625C


cycle 1720
PC: 0x00006260


cycle 1721
PC: 0x00006264


cycle 1722
PC: 0x00006268


cycle 1723
PC: 0x0000626C


cycle 1724
PC: 0x00006270


cycle 1725
PC: 0x00006274


cycle 1726
PC: 0x00006278


cycle 1727
PC: 0x0000627C


cycle 1728
PC: 0x00006280


cycle 1729
PC: 0x00006284


cycle 1730
PC: 0x00006288


cycle 1731
PC: 0x0000628C


cycle 1732
PC: 0x00006290


cycle 1733
PC: 0x00006294


cycle 1734
PC: 0x00006298


cycle 1735
PC: 0x0000629C


cycle 1736
PC: 0x000062A0


cycle 1737
PC: 0x000062A4


cycle 1738
PC: 0x000062A8


cycle 1739
PC: 0x000062AC


cycle 1740
PC: 0x000062B0


cycle 1741
PC: 0x000062B4


cycle 1742
PC: 0x000062B8


cycle 1743
PC: 0x000062BC


cycle 1744
PC: 0x000062C0


cycle 1745
PC: 0x000062C4


cycle 1746
PC: 0x000062C8


cycle 1747
PC: 0x000062CC


cycle 1748
PC: 0x000062D0


cycle 1749
PC: 0x000062D4


cycle 1750
PC: 0x000062D8


cycle 1751
PC: 0x000062DC


cycle 1752
PC: 0x000062E0


cycle 1753
PC: 0x000062E4


cycle 1754
PC: 0x000062E8


cycle 1755
PC: 0x000062EC


cycle 1756
PC: 0x000062F0


cycle 1757
PC: 0x000062F4


cycle 1758
PC: 0x000062F8


cycle 1759
PC: 0x000062FC


cycle 1760
PC: 0x00006300


cycle 1761
PC: 0x00006304


cycle 1762
PC: 0x00006308


cycle 1763
PC: 0x0000630C


cycle 1764
PC: 0x00006310


cycle 1765
PC: 0x00006314


cycle 1766
PC: 0x00006318


cycle 1767
PC: 0x0000631C


cycle 1768
PC: 0x00006320


cycle 1769
PC: 0x00006324


cycle 1770
PC: 0x00006328


cycle 1771
PC: 0x0000632C


cycle 1772
PC: 0x00006330


cycle 1773
PC: 0x00006334


cycle 1774
PC: 0x00006338


cycle 1775
PC: 0x0000633C


cycle 1776
PC: 0x00006340


cycle 1777
PC: 0x00006344


cycle 1778
PC: 0x00006348


cycle 1779
PC: 0x0000634C


cycle 1780
PC: 0x00006350


cycle 1781
PC: 0x00006354


cycle 1782
PC: 0x00006358


cycle 1783
PC: 0x0000635C


cycle 1784
PC: 0x00006360


cycle 1785
PC: 0x00006364


cycle 1786
PC: 0x00006368


cycle 1787
PC: 0x0000636C


cycle 1788
PC: 0x00006370


cycle 1789
PC: 0x00006374


cycle 1790
PC: 0x00006378


cycle 1791
PC: 0x0000637C


cycle 1792
PC: 0x00006380


cycle 1793
PC: 0x00006384


cycle 1794
PC: 0x00006388


cycle 1795
PC: 0x0000638C


cycle 1796
PC: 0x00006390


cycle 1797
PC: 0x00006394


cycle 1798
PC: 0x00006398


cycle 1799
PC: 0x0000639C


cycle 1800
PC: 0x000063A0


cycle 1801
PC: 0x000063A4


cycle 1802
PC: 0x000063A8


cycle 1803
PC: 0x000063AC


cycle 1804
PC: 0x000063B0


cycle 1805
PC: 0x000063B4


cycle 1806
PC: 0x000063B8


cycle 1807
PC: 0x000063BC


cycle 1808
PC: 0x000063C0


cycle 1809
PC: 0x000063C4


cycle 1810
PC: 0x000063C8


cycle 1811
PC: 0x000063CC


cycle 1812
PC: 0x000063D0


cycle 1813
PC: 0x000063D4


cycle 1814
PC: 0x000063D8


cycle 1815
PC: 0x000063DC


cycle 1816
PC: 0x000063E0


cycle 1817
PC: 0x000063E4


cycle 1818
PC: 0x000063E8


cycle 1819
PC: 0x000063EC


cycle 1820
PC: 0x000063F0


cycle 1821
PC: 0x000063F4


cycle 1822
PC: 0x000063F8


cycle 1823
PC: 0x000063FC


cycle 1824
PC: 0x00006400


cycle 1825
PC: 0x00006404


cycle 1826
PC: 0x00006408


cycle 1827
PC: 0x0000640C


cycle 1828
PC: 0x00006410


cycle 1829
PC: 0x00006414


cycle 1830
PC: 0x00006418


cycle 1831
PC: 0x0000641C


cycle 1832
PC: 0x00006420


cycle 1833
PC: 0x00006424


cycle 1834
PC: 0x00006428


cycle 1835
PC: 0x0000642C


cycle 1836
PC: 0x00006430


cycle 1837
PC: 0x00006434


cycle 1838
PC: 0x00006438


cycle 1839
PC: 0x0000643C


cycle 1840
PC: 0x00006440


cycle 1841
PC: 0x00006444


cycle 1842
PC: 0x00006448


cycle 1843
PC: 0x0000644C


cycle 1844
PC: 0x00006450


cycle 1845
PC: 0x00006454


cycle 1846
PC: 0x00006458


cycle 1847
PC: 0x0000645C


cycle 1848
PC: 0x00006460


cycle 1849
PC: 0x00006464


cycle 1850
PC: 0x00006468


cycle 1851
PC: 0x0000646C


cycle 1852
PC: 0x00006470


cycle 1853
PC: 0x00006474


cycle 1854
PC: 0x00006478


cycle 1855
PC: 0x0000647C


cycle 1856
PC: 0x00006480


